2014-12-18 19:28:25,925 [16] Orchard.ContentManagement.Drivers.Coordinators.ContentPartDriverCoordinator - Default - ArgumentNullException thrown from IContentPartDriver by SoftIT.CRM.Drivers.TaskPartDriver
 http://localhost:2014/SoftIT/Admin/Contents/Create/Task
System.ArgumentNullException: String reference not set to an instance of a String.
Parameter name: s
   at System.DateTimeParse.Parse(String s, DateTimeFormatInfo dtfi, DateTimeStyles styles)
   at System.DateTime.Parse(String s)
   at SoftIT.CRM.Models.TaskPart.get_Deadline() in e:\GitHub\SoftITOrchard\src\Orchard.Web\Modules\SoftIT.CRM\Models\TaskPart.cs:line 26
   at SoftIT.CRM.Services.TaskService.BuildEditorViewModel(TaskPart part) in e:\GitHub\SoftITOrchard\src\Orchard.Web\Modules\SoftIT.CRM\Services\TaskService.cs:line 35
   at SoftIT.CRM.Drivers.TaskPartDriver.<>c__DisplayClass3.<Editor>b__2() in e:\GitHub\SoftITOrchard\src\Orchard.Web\Modules\SoftIT.CRM\Drivers\TaskPartDriver.cs:line 39
   at Orchard.ContentManagement.Drivers.ContentPartDriver`1.<>c__DisplayClassf.<ContentShape>b__e(BuildShapeContext ctx)
   at Orchard.ContentManagement.Drivers.ContentPartDriver`1.<>c__DisplayClass15.<ContentShapeImplementation>b__14(BuildShapeContext ctx)
   at Orchard.ContentManagement.Drivers.ContentShapeResult.ApplyImplementation(BuildShapeContext context, String displayType)
   at Orchard.ContentManagement.Drivers.ContentShapeResult.Apply(BuildEditorContext context)
   at Orchard.ContentManagement.Drivers.Coordinators.ContentPartDriverCoordinator.<>c__DisplayClassd.<BuildEditor>b__c(IContentPartDriver driver)
   at Orchard.InvokeExtensions.Invoke[TEvents](IEnumerable`1 events, Action`1 dispatch, ILogger logger)
2014-12-18 19:31:15,619 [10] Orchard.ContentManagement.Drivers.Coordinators.ContentPartDriverCoordinator - Default - ArgumentNullException thrown from IContentPartDriver by SoftIT.CRM.Drivers.TaskPartDriver
 http://localhost:2014/SoftIT/Admin/Contents/Create/Task
System.ArgumentNullException: String reference not set to an instance of a String.
Parameter name: s
   at System.DateTimeParse.Parse(String s, DateTimeFormatInfo dtfi, DateTimeStyles styles)
   at System.DateTime.Parse(String s)
   at SoftIT.CRM.Models.TaskPart.get_Deadline() in e:\GitHub\SoftITOrchard\src\Orchard.Web\Modules\SoftIT.CRM\Models\TaskPart.cs:line 26
   at SoftIT.CRM.Services.TaskService.BuildEditorViewModel(TaskPart part) in e:\GitHub\SoftITOrchard\src\Orchard.Web\Modules\SoftIT.CRM\Services\TaskService.cs:line 35
   at SoftIT.CRM.Drivers.TaskPartDriver.<>c__DisplayClass3.<Editor>b__2() in e:\GitHub\SoftITOrchard\src\Orchard.Web\Modules\SoftIT.CRM\Drivers\TaskPartDriver.cs:line 39
   at Orchard.ContentManagement.Drivers.ContentPartDriver`1.<>c__DisplayClassf.<ContentShape>b__e(BuildShapeContext ctx)
   at Orchard.ContentManagement.Drivers.ContentPartDriver`1.<>c__DisplayClass15.<ContentShapeImplementation>b__14(BuildShapeContext ctx)
   at Orchard.ContentManagement.Drivers.ContentShapeResult.ApplyImplementation(BuildShapeContext context, String displayType)
   at Orchard.ContentManagement.Drivers.ContentShapeResult.Apply(BuildEditorContext context)
   at Orchard.ContentManagement.Drivers.Coordinators.ContentPartDriverCoordinator.<>c__DisplayClassd.<BuildEditor>b__c(IContentPartDriver driver)
   at Orchard.InvokeExtensions.Invoke[TEvents](IEnumerable`1 events, Action`1 dispatch, ILogger logger)
2014-12-18 19:33:44,993 [9] Orchard.ContentManagement.Drivers.Coordinators.ContentPartDriverCoordinator - Default - NullReferenceException thrown from IContentPartDriver by SoftIT.CRM.Drivers.TaskPartDriver
 http://localhost:2014/SoftIT/Admin/Contents/Create/Task
System.NullReferenceException: Object reference not set to an instance of an object.
   at SoftIT.CRM.Services.TaskService.BuildEditorViewModel(TaskPart part) in e:\GitHub\SoftITOrchard\src\Orchard.Web\Modules\SoftIT.CRM\Services\TaskService.cs:line 35
   at SoftIT.CRM.Drivers.TaskPartDriver.<>c__DisplayClass3.<Editor>b__2() in e:\GitHub\SoftITOrchard\src\Orchard.Web\Modules\SoftIT.CRM\Drivers\TaskPartDriver.cs:line 39
   at Orchard.ContentManagement.Drivers.ContentPartDriver`1.<>c__DisplayClassf.<ContentShape>b__e(BuildShapeContext ctx)
   at Orchard.ContentManagement.Drivers.ContentPartDriver`1.<>c__DisplayClass15.<ContentShapeImplementation>b__14(BuildShapeContext ctx)
   at Orchard.ContentManagement.Drivers.ContentShapeResult.ApplyImplementation(BuildShapeContext context, String displayType)
   at Orchard.ContentManagement.Drivers.ContentShapeResult.Apply(BuildEditorContext context)
   at Orchard.ContentManagement.Drivers.Coordinators.ContentPartDriverCoordinator.<>c__DisplayClassd.<BuildEditor>b__c(IContentPartDriver driver)
   at Orchard.InvokeExtensions.Invoke[TEvents](IEnumerable`1 events, Action`1 dispatch, ILogger logger)
2014-12-18 20:06:57,915 [8] Orchard.ContentManagement.Drivers.Coordinators.ContentPartDriverCoordinator - Default - NullReferenceException thrown from IContentPartDriver by SoftIT.CRM.Drivers.TaskPartDriver
 http://localhost:2014/SoftIT/Admin/Contents/Create/Task
System.NullReferenceException: Object reference not set to an instance of an object.
   at SoftIT.CRM.Services.TaskService.UpdateTaskForContentItem(ContentItem contentItem, EditTaskViewModel viewModel) in e:\GitHub\SoftITOrchard\src\Orchard.Web\Modules\SoftIT.CRM\Services\TaskService.cs:line 60
   at SoftIT.CRM.Drivers.TaskPartDriver.Editor(TaskPart part, IUpdateModel updater, Object shapeHelper) in e:\GitHub\SoftITOrchard\src\Orchard.Web\Modules\SoftIT.CRM\Drivers\TaskPartDriver.cs:line 52
   at Orchard.ContentManagement.Drivers.ContentPartDriver`1.Orchard.ContentManagement.Drivers.IContentPartDriver.UpdateEditor(UpdateEditorContext context)
   at Orchard.ContentManagement.Drivers.Coordinators.ContentPartDriverCoordinator.<>c__DisplayClass10.<UpdateEditor>b__f(IContentPartDriver driver)
   at Orchard.InvokeExtensions.Invoke[TEvents](IEnumerable`1 events, Action`1 dispatch, ILogger logger)
2014-12-18 22:10:50,813 [51] Orchard.ContentManagement.Drivers.Coordinators.ContentPartDriverCoordinator - Default - NullReferenceException thrown from IContentPartDriver by SoftIT.CRM.Drivers.TaskPartDriver
 http://localhost:2014/SoftIT/Admin/Contents/Edit/18
System.NullReferenceException: Object reference not set to an instance of an object.
   at SoftIT.CRM.Services.TaskService.UpdateTaskForContentItem(ContentItem contentItem, EditTaskViewModel viewModel) in e:\GitHub\SoftITOrchard\src\Orchard.Web\Modules\SoftIT.CRM\Services\TaskService.cs:line 61
   at SoftIT.CRM.Drivers.TaskPartDriver.Editor(TaskPart part, IUpdateModel updater, Object shapeHelper) in e:\GitHub\SoftITOrchard\src\Orchard.Web\Modules\SoftIT.CRM\Drivers\TaskPartDriver.cs:line 52
   at System.Dynamic.UpdateDelegates.UpdateAndExecute4[T0,T1,T2,T3,TRet](CallSite site, T0 arg0, T1 arg1, T2 arg2, T3 arg3)
   at Orchard.ContentManagement.Drivers.ContentPartDriver`1.Orchard.ContentManagement.Drivers.IContentPartDriver.UpdateEditor(UpdateEditorContext context)
   at Orchard.ContentManagement.Drivers.Coordinators.ContentPartDriverCoordinator.<>c__DisplayClass10.<UpdateEditor>b__f(IContentPartDriver driver)
   at Orchard.InvokeExtensions.Invoke[TEvents](IEnumerable`1 events, Action`1 dispatch, ILogger logger)
