2014-12-28 01:39:19,109 [10] Orchard.ContentManagement.Drivers.Coordinators.ContentPartDriverCoordinator - Default - NullReferenceException thrown from IContentPartDriver by SoftIT.CRM.Drivers.TaskPartDriver
 http://localhost:2012/SoftITOrchard/Admin/Contents/Create/Task
System.NullReferenceException: Az objektumhivatkozás nincs beállítva semmilyen objektumpéldányra.
   a következõ helyen: SoftIT.CRM.Services.TaskService.UpdateTaskForContentItem(ContentItem contentItem, EditTaskViewModel viewModel) hely: d:\SoftIT\SoftITOrchard\src\Orchard.Web\Modules\SoftIT.CRM\Services\TaskService.cs, sor: 68
   a következõ helyen: SoftIT.CRM.Drivers.TaskPartDriver.Editor(TaskPart part, IUpdateModel updater, Object shapeHelper) hely: d:\SoftIT\SoftITOrchard\src\Orchard.Web\Modules\SoftIT.CRM\Drivers\TaskPartDriver.cs, sor: 52
   a következõ helyen: System.Dynamic.UpdateDelegates.UpdateAndExecute4[T0,T1,T2,T3,TRet](CallSite site, T0 arg0, T1 arg1, T2 arg2, T3 arg3)
   a következõ helyen: Orchard.ContentManagement.Drivers.ContentPartDriver`1.Orchard.ContentManagement.Drivers.IContentPartDriver.UpdateEditor(UpdateEditorContext context) hely: d:\SoftIT\SoftITOrchard\src\Orchard\ContentManagement\Drivers\ContentPartDriver.cs, sor: 81
   a következõ helyen: Orchard.ContentManagement.Drivers.Coordinators.ContentPartDriverCoordinator.<>c__DisplayClass10.<UpdateEditor>b__f(IContentPartDriver driver) hely: d:\SoftIT\SoftITOrchard\src\Orchard\ContentManagement\Drivers\Coordinators\ContentPartDriverCoordinator.cs, sor: 63
   a következõ helyen: Orchard.InvokeExtensions.Invoke[TEvents](IEnumerable`1 events, Action`1 dispatch, ILogger logger) hely: d:\SoftIT\SoftITOrchard\src\Orchard\InvokeExtensions.cs, sor: 17
2014-12-28 01:39:30,872 [8] Orchard.Exceptions.DefaultExceptionPolicy - Default - An unexpected exception was caught
 http://localhost:2012/SoftITOrchard/Admin/Contents/Edit/15
System.Reflection.TargetInvocationException: A meghívott objektum kivételt váltott ki. ---> System.Reflection.TargetInvocationException: A meghívott objektum kivételt váltott ki. ---> System.NullReferenceException: Az objektumhivatkozás nincs beállítva semmilyen objektumpéldányra.
   a következõ helyen: SoftIT.CRM.Handlers.ProjectPartHandler.<>c__DisplayClass4.<>c__DisplayClass6.<.ctor>b__2(TaskPart taskPart) hely: d:\SoftIT\SoftITOrchard\src\Orchard.Web\Modules\SoftIT.CRM\Handlers\ProjectPartHandler.cs, sor: 24
   a következõ helyen: System.Linq.Enumerable.WhereEnumerableIterator`1.MoveNext()
   a következõ helyen: System.Linq.Enumerable.Count[TSource](IEnumerable`1 source)
   a következõ helyen: ASP._Page_Modules_SoftIT_CRM_Views_EditorTemplates_Parts_Project_cshtml.Execute() hely: d:\SoftIT\SoftITOrchard\src\Orchard.Web\Modules\SoftIT.CRM\Views\EditorTemplates\Parts\Project.cshtml, sor: 31
   a következõ helyen: System.Web.WebPages.WebPageBase.ExecutePageHierarchy()
   a következõ helyen: System.Web.Mvc.WebViewPage.ExecutePageHierarchy()
   a következõ helyen: System.Web.WebPages.WebPageBase.ExecutePageHierarchy(WebPageContext pageContext, TextWriter writer, WebPageRenderingBase startPage)
   a következõ helyen: System.Web.Mvc.RazorView.RenderView(ViewContext viewContext, TextWriter writer, Object instance)
   a következõ helyen: System.Web.Mvc.BuildManagerCompiledView.Render(ViewContext viewContext, TextWriter writer)
   a következõ helyen: System.Web.Mvc.HtmlHelper.RenderPartialInternal(String partialViewName, ViewDataDictionary viewData, Object model, TextWriter writer, ViewEngineCollection viewEngineCollection)
   a következõ helyen: System.Web.Mvc.Html.RenderPartialExtensions.RenderPartial(HtmlHelper htmlHelper, String partialViewName)
   a következõ helyen: Orchard.Core.Shapes.CoreShapes.RenderInternal(HtmlHelper Html, TextWriter Output, String TemplateName, Object Model, String Prefix) hely: d:\SoftIT\SoftITOrchard\src\Orchard.Web\Core\Shapes\CoreShapes.cs, sor: 755
   a következõ helyen: Orchard.Core.Shapes.CoreShapes.EditorTemplate(HtmlHelper Html, TextWriter Output, String TemplateName, Object Model, String Prefix) hely: d:\SoftIT\SoftITOrchard\src\Orchard.Web\Core\Shapes\CoreShapes.cs, sor: 743
   --- Vége a belsõ kivételek veremkivonatának ---
   a következõ helyen: System.RuntimeMethodHandle.InvokeMethod(Object target, Object[] arguments, Signature sig, Boolean constructor)
   a következõ helyen: System.Reflection.RuntimeMethodInfo.UnsafeInvokeInternal(Object obj, Object[] parameters, Object[] arguments)
   a következõ helyen: System.Reflection.RuntimeMethodInfo.Invoke(Object obj, BindingFlags invokeAttr, Binder binder, Object[] parameters, CultureInfo culture)
   a következõ helyen: System.Reflection.MethodBase.Invoke(Object obj, Object[] parameters)
   a következõ helyen: Orchard.DisplayManagement.Descriptors.ShapeAttributeStrategy.ShapeAttributeBindingStrategy.PerformInvoke(DisplayContext displayContext, MethodInfo methodInfo, Object serviceInstance) hely: d:\SoftIT\SoftITOrchard\src\Orchard\DisplayManagement\Descriptors\ShapeAttributeStrategy\ShapeAttributeBindingStrategy.cs, sor: 64
   a következõ helyen: Orchard.DisplayManagement.Descriptors.ShapeAttributeStrategy.ShapeAttributeBindingStrategy.<>c__DisplayClass4.<CreateDelegate>b__3(DisplayContext context) hely: d:\SoftIT\SoftITOrchard\src\Orchard\DisplayManagement\Descriptors\ShapeAttributeStrategy\ShapeAttributeBindingStrategy.cs, sor: 55
   a következõ helyen: Orchard.DisplayManagement.Descriptors.ShapeAlterationBuilder.<>c__DisplayClass3.<>c__DisplayClass5.<BoundAs>b__2(DisplayContext displayContext) hely: d:\SoftIT\SoftITOrchard\src\Orchard\DisplayManagement\Descriptors\ShapeAlterationBuilder.cs, sor: 56
   a következõ helyen: Orchard.DisplayManagement.Implementation.DefaultDisplayManager.Process(ShapeBinding shapeBinding, IShape shape, DisplayContext context) hely: d:\SoftIT\SoftITOrchard\src\Orchard\DisplayManagement\Implementation\DefaultDisplayManager.cs, sor: 185
   a következõ helyen: Orchard.DisplayManagement.Implementation.DefaultDisplayManager.Execute(DisplayContext context) hely: d:\SoftIT\SoftITOrchard\src\Orchard\DisplayManagement\Implementation\DefaultDisplayManager.cs, sor: 94
   a következõ helyen: Orchard.DisplayManagement.Implementation.DisplayHelper.ShapeExecute(Object shape) hely: d:\SoftIT\SoftITOrchard\src\Orchard\DisplayManagement\Implementation\DisplayHelper.cs, sor: 86
   a következõ helyen: Orchard.DisplayManagement.Implementation.DisplayHelper.Invoke(String name, INamedEnumerable`1 parameters) hely: d:\SoftIT\SoftITOrchard\src\Orchard\DisplayManagement\Implementation\DisplayHelper.cs, sor: 44
   a következõ helyen: Orchard.DisplayManagement.Implementation.DisplayHelper.TryInvoke(InvokeBinder binder, Object[] args, Object& result) hely: d:\SoftIT\SoftITOrchard\src\Orchard\DisplayManagement\Implementation\DisplayHelper.cs, sor: 29
   a következõ helyen: CallSite.Target(Closure , CallSite , Object , Object )
   a következõ helyen: Orchard.Core.Shapes.CoreShapes.ContentZone(Object Display, Object Shape, TextWriter Output) hely: d:\SoftIT\SoftITOrchard\src\Orchard.Web\Core\Shapes\CoreShapes.cs, sor: 274
   --- Vége a belsõ kivételek veremkivonatának ---
   a következõ helyen: System.RuntimeMethodHandle.InvokeMethod(Object target, Object[] arguments, Signature sig, Boolean constructor)
   a következõ helyen: System.Reflection.RuntimeMethodInfo.UnsafeInvokeInternal(Object obj, Object[] parameters, Object[] arguments)
   a következõ helyen: System.Reflection.RuntimeMethodInfo.Invoke(Object obj, BindingFlags invokeAttr, Binder binder, Object[] parameters, CultureInfo culture)
   a következõ helyen: System.Reflection.MethodBase.Invoke(Object obj, Object[] parameters)
   a következõ helyen: Orchard.DisplayManagement.Descriptors.ShapeAttributeStrategy.ShapeAttributeBindingStrategy.PerformInvoke(DisplayContext displayContext, MethodInfo methodInfo, Object serviceInstance) hely: d:\SoftIT\SoftITOrchard\src\Orchard\DisplayManagement\Descriptors\ShapeAttributeStrategy\ShapeAttributeBindingStrategy.cs, sor: 64
   a következõ helyen: Orchard.DisplayManagement.Descriptors.ShapeAttributeStrategy.ShapeAttributeBindingStrategy.<>c__DisplayClass4.<CreateDelegate>b__3(DisplayContext context) hely: d:\SoftIT\SoftITOrchard\src\Orchard\DisplayManagement\Descriptors\ShapeAttributeStrategy\ShapeAttributeBindingStrategy.cs, sor: 55
   a következõ helyen: Orchard.DisplayManagement.Descriptors.ShapeAlterationBuilder.<>c__DisplayClass3.<>c__DisplayClass5.<BoundAs>b__2(DisplayContext displayContext) hely: d:\SoftIT\SoftITOrchard\src\Orchard\DisplayManagement\Descriptors\ShapeAlterationBuilder.cs, sor: 56
   a következõ helyen: Orchard.DisplayManagement.Implementation.DefaultDisplayManager.Process(ShapeBinding shapeBinding, IShape shape, DisplayContext context) hely: d:\SoftIT\SoftITOrchard\src\Orchard\DisplayManagement\Implementation\DefaultDisplayManager.cs, sor: 185
   a következõ helyen: Orchard.DisplayManagement.Implementation.DefaultDisplayManager.Execute(DisplayContext context) hely: d:\SoftIT\SoftITOrchard\src\Orchard\DisplayManagement\Implementation\DefaultDisplayManager.cs, sor: 94
   a következõ helyen: Orchard.DisplayManagement.Implementation.DisplayHelper.ShapeExecute(Object shape) hely: d:\SoftIT\SoftITOrchard\src\Orchard\DisplayManagement\Implementation\DisplayHelper.cs, sor: 86
   a következõ helyen: Orchard.DisplayManagement.Implementation.DisplayHelper.Invoke(String name, INamedEnumerable`1 parameters) hely: d:\SoftIT\SoftITOrchard\src\Orchard\DisplayManagement\Implementation\DisplayHelper.cs, sor: 44
   a következõ helyen: Orchard.DisplayManagement.Implementation.DisplayHelper.TryInvoke(InvokeBinder binder, Object[] args, Object& result) hely: d:\SoftIT\SoftITOrchard\src\Orchard\DisplayManagement\Implementation\DisplayHelper.cs, sor: 29
   a következõ helyen: CallSite.Target(Closure , CallSite , Object , Object )
   a következõ helyen: ASP._Page_Core_Contents_Views_Content_Edit_cshtml.Execute() hely: d:\SoftIT\SoftITOrchard\src\Orchard.Web\Core\Contents\Views\Content.Edit.cshtml, sor: 5
   a következõ helyen: System.Web.WebPages.WebPageBase.ExecutePageHierarchy()
   a következõ helyen: System.Web.Mvc.WebViewPage.ExecutePageHierarchy()
   a következõ helyen: System.Web.WebPages.WebPageBase.ExecutePageHierarchy(WebPageContext pageContext, TextWriter writer, WebPageRenderingBase startPage)
   a következõ helyen: System.Web.Mvc.RazorView.RenderView(ViewContext viewContext, TextWriter writer, Object instance)
   a következõ helyen: System.Web.Mvc.BuildManagerCompiledView.Render(ViewContext viewContext, TextWriter writer)
   a következõ helyen: System.Web.Mvc.HtmlHelper.RenderPartialInternal(String partialViewName, ViewDataDictionary viewData, Object model, TextWriter writer, ViewEngineCollection viewEngineCollection)
   a következõ helyen: System.Web.Mvc.Html.PartialExtensions.Partial(HtmlHelper htmlHelper, String partialViewName, Object model, ViewDataDictionary viewData)
   a következõ helyen: System.Web.Mvc.Html.PartialExtensions.Partial(HtmlHelper htmlHelper, String partialViewName, Object model)
   a következõ helyen: Orchard.DisplayManagement.Descriptors.ShapeTemplateStrategy.ShapeTemplateBindingStrategy.Render(ShapeDescriptor shapeDescriptor, DisplayContext displayContext, HarvestShapeInfo harvestShapeInfo, HarvestShapeHit harvestShapeHit) hely: d:\SoftIT\SoftITOrchard\src\Orchard\DisplayManagement\Descriptors\ShapeTemplateStrategy\ShapeTemplateBindingStrategy.cs, sor: 151
   a következõ helyen: Orchard.DisplayManagement.Descriptors.ShapeTemplateStrategy.ShapeTemplateBindingStrategy.<>c__DisplayClass26.<>c__DisplayClass28.<Discover>b__15(DisplayContext displayContext) hely: d:\SoftIT\SoftITOrchard\src\Orchard\DisplayManagement\Descriptors\ShapeTemplateStrategy\ShapeTemplateBindingStrategy.cs, sor: 133
   a következõ helyen: Orchard.DisplayManagement.Descriptors.ShapeAlterationBuilder.<>c__DisplayClass3.<>c__DisplayClass5.<BoundAs>b__2(DisplayContext displayContext) hely: d:\SoftIT\SoftITOrchard\src\Orchard\DisplayManagement\Descriptors\ShapeAlterationBuilder.cs, sor: 56
   a következõ helyen: Orchard.DisplayManagement.Implementation.DefaultDisplayManager.Process(ShapeBinding shapeBinding, IShape shape, DisplayContext context) hely: d:\SoftIT\SoftITOrchard\src\Orchard\DisplayManagement\Implementation\DefaultDisplayManager.cs, sor: 185
   a következõ helyen: Orchard.DisplayManagement.Implementation.DefaultDisplayManager.Execute(DisplayContext context) hely: d:\SoftIT\SoftITOrchard\src\Orchard\DisplayManagement\Implementation\DefaultDisplayManager.cs, sor: 94
   a következõ helyen: Orchard.DisplayManagement.Implementation.DisplayHelper.ShapeExecute(Object shape) hely: d:\SoftIT\SoftITOrchard\src\Orchard\DisplayManagement\Implementation\DisplayHelper.cs, sor: 86
   a következõ helyen: Orchard.DisplayManagement.Implementation.DisplayHelper.Invoke(String name, INamedEnumerable`1 parameters) hely: d:\SoftIT\SoftITOrchard\src\Orchard\DisplayManagement\Implementation\DisplayHelper.cs, sor: 44
   a következõ helyen: Orchard.DisplayManagement.Implementation.DisplayHelper.TryInvoke(InvokeBinder binder, Object[] args, Object& result) hely: d:\SoftIT\SoftITOrchard\src\Orchard\DisplayManagement\Implementation\DisplayHelper.cs, sor: 29
   a következõ helyen: CallSite.Target(Closure , CallSite , Object , Object )
   a következõ helyen: ASP._Page_Core_Contents_Views_admin_Edit_cshtml.Execute() hely: d:\SoftIT\SoftITOrchard\src\Orchard.Web\Core\Contents\Views\Admin\Edit.cshtml, sor: 14
   a következõ helyen: System.Web.WebPages.WebPageBase.ExecutePageHierarchy()
   a következõ helyen: System.Web.Mvc.WebViewPage.ExecutePageHierarchy()
   a következõ helyen: System.Web.WebPages.WebPageBase.ExecutePageHierarchy(WebPageContext pageContext, TextWriter writer, WebPageRenderingBase startPage)
   a következõ helyen: System.Web.Mvc.RazorView.RenderView(ViewContext viewContext, TextWriter writer, Object instance)
   a következõ helyen: System.Web.Mvc.BuildManagerCompiledView.Render(ViewContext viewContext, TextWriter writer)
   a következõ helyen: Orchard.Mvc.ViewEngines.ThemeAwareness.LayoutAwareViewEngine.<>c__DisplayClass7.<FindView>b__5(ViewContext viewContext, TextWriter writer, IViewDataContainer viewDataContainer) hely: d:\SoftIT\SoftITOrchard\src\Orchard\Mvc\ViewEngines\ThemeAwareness\LayoutAwareViewEngine.cs, sor: 59
   a következõ helyen: Orchard.Mvc.ViewEngines.ThemeAwareness.LayoutAwareViewEngine.LayoutView.Render(ViewContext viewContext, TextWriter writer) hely: d:\SoftIT\SoftITOrchard\src\Orchard\Mvc\ViewEngines\ThemeAwareness\LayoutAwareViewEngine.cs, sor: 90
   a következõ helyen: System.Web.Mvc.ViewResultBase.ExecuteResult(ControllerContext context)
   a következõ helyen: System.Web.Mvc.ControllerActionInvoker.InvokeActionResult(ControllerContext controllerContext, ActionResult actionResult)
   a következõ helyen: System.Web.Mvc.ControllerActionInvoker.InvokeActionResultFilterRecursive(IList`1 filters, Int32 filterIndex, ResultExecutingContext preContext, ControllerContext controllerContext, ActionResult actionResult)
   a következõ helyen: System.Web.Mvc.ControllerActionInvoker.InvokeActionResultFilterRecursive(IList`1 filters, Int32 filterIndex, ResultExecutingContext preContext, ControllerContext controllerContext, ActionResult actionResult)
   a következõ helyen: System.Web.Mvc.ControllerActionInvoker.InvokeActionResultFilterRecursive(IList`1 filters, Int32 filterIndex, ResultExecutingContext preContext, ControllerContext controllerContext, ActionResult actionResult)
   a következõ helyen: System.Web.Mvc.ControllerActionInvoker.InvokeActionResultFilterRecursive(IList`1 filters, Int32 filterIndex, ResultExecutingContext preContext, ControllerContext controllerContext, ActionResult actionResult)
   a következõ helyen: System.Web.Mvc.ControllerActionInvoker.InvokeActionResultFilterRecursive(IList`1 filters, Int32 filterIndex, ResultExecutingContext preContext, ControllerContext controllerContext, ActionResult actionResult)
   a következõ helyen: System.Web.Mvc.ControllerActionInvoker.InvokeActionResultFilterRecursive(IList`1 filters, Int32 filterIndex, ResultExecutingContext preContext, ControllerContext controllerContext, ActionResult actionResult)
   a következõ helyen: System.Web.Mvc.ControllerActionInvoker.InvokeActionResultFilterRecursive(IList`1 filters, Int32 filterIndex, ResultExecutingContext preContext, ControllerContext controllerContext, ActionResult actionResult)
   a következõ helyen: System.Web.Mvc.ControllerActionInvoker.InvokeActionResultFilterRecursive(IList`1 filters, Int32 filterIndex, ResultExecutingContext preContext, ControllerContext controllerContext, ActionResult actionResult)
   a következõ helyen: System.Web.Mvc.ControllerActionInvoker.InvokeActionResultFilterRecursive(IList`1 filters, Int32 filterIndex, ResultExecutingContext preContext, ControllerContext controllerContext, ActionResult actionResult)
